[2026-04-18T04:29:55Z] == Resume iterative — celgo-1286 ==
[2026-04-18T04:29:55Z] Rebuilding cleanroom at C_test=87be17595c140968a2b82de915ed3bcee4759280
[2026-04-18T04:29:55Z] Rebuilding merged_dir from single-round diff
[2026-04-18T04:29:55Z] WARNING: no diff or files to apply — merged_dir = cleanroom
[2026-04-18T04:29:55Z] install OK
[2026-04-18T04:29:55Z] [4f] Hunt-code round 1
[2026-04-18T04:30:01Z] [4f] round 1 build=PASS test=PASS
[2026-04-18T04:32:19Z] [4f] round 1: 1 findings
[2026-04-18T04:32:19Z] [4f] Addressing round 1 findings
[2026-04-18T04:33:39Z] [4f] Hunt-code round 2
[2026-04-18T04:33:44Z] [4f] round 2 build=PASS test=PASS
[2026-04-18T04:36:31Z] [4f] round 2: 5 findings
[2026-04-18T04:36:31Z] [4f] Addressing round 2 findings
[2026-04-18T04:38:25Z] [4f] Hunt-code round 3
[2026-04-18T04:38:30Z] [4f] round 3 build=PASS test=PASS
[2026-04-18T04:40:54Z] [4f] round 3: 5 findings
[2026-04-18T04:40:54Z] [4f] Addressing round 3 findings
[2026-04-18T04:43:02Z] [4f] Hunt-code round 4
[2026-04-18T04:43:06Z] [4f] round 4 build=PASS test=FAIL
[2026-04-18T04:44:39Z] [4f] Hunt-code round 5
[2026-04-18T04:44:44Z] [4f] round 5 build=PASS test=PASS
[2026-04-18T04:47:20Z] [4f] round 5: 2 findings
[2026-04-18T04:47:20Z] [4f] Addressing round 5 findings
[2026-04-18T04:48:19Z] [4f] Hunt-code round 6
[2026-04-18T04:48:24Z] [4f] round 6 build=PASS test=PASS
[2026-04-18T04:49:49Z] [4f] round 6: 2 findings
[2026-04-18T04:49:49Z] [4f] Addressing round 6 findings
[2026-04-18T04:55:24Z] [4f] Hunt-code round 7
[2026-04-18T04:55:28Z] [4f] round 7 build=PASS test=PASS
[2026-04-18T04:57:17Z] [4f] round 7: 2 findings
[2026-04-18T04:57:17Z] [4f] Addressing round 7 findings
[2026-04-18T04:57:53Z] [4f] Hunt-code round 8
[2026-04-18T04:57:56Z] [4f] round 8 build=PASS test=PASS
[2026-04-18T04:59:21Z] [4f] round 8: 2 findings
[2026-04-18T04:59:21Z] [4f] Addressing round 8 findings
[2026-04-18T04:59:55Z] [4f] Hunt-code round 9
[2026-04-18T04:59:58Z] [4f] round 9 build=PASS test=PASS
[2026-04-18T05:02:22Z] [4f] round 9: 2 findings
[2026-04-18T05:02:22Z] [4f] Addressing round 9 findings
[2026-04-18T05:03:36Z] [4f] Hunt-code round 10
[2026-04-18T05:03:41Z] [4f] round 10 build=PASS test=PASS
[2026-04-18T05:05:58Z] [4f] round 10: 6 findings
[2026-04-18T05:05:58Z] [4f] Addressing round 10 findings
[2026-04-18T05:07:57Z] [4f] final build=PASS test=PASS
[2026-04-18T05:07:57Z] [4g] Reviewer-loop round 1
[2026-04-18T05:12:15Z] [4g] round 1: 2 comments (prev 999)
[2026-04-18T05:12:15Z] [4g] Addressing round 1 comments
[2026-04-18T05:13:02Z] [4g] Reviewer-loop round 2
[2026-04-18T05:18:07Z] [4g] round 2: approved
[2026-04-18T05:18:07Z] [4g] done after 2 round(s): converged_approved
[2026-04-18T05:18:07Z] [4h] Complexity gate
[2026-04-18T05:18:07Z] [4h] PASS
[2026-04-18T05:18:07Z] == iterative complete (hc=11 rv=2) ==
