   Compiling unicode-ident v1.0.24
   Compiling proc-macro2 v1.0.106
   Compiling quote v1.0.45
   Compiling cfg-if v1.0.3
   Compiling memchr v2.8.0
   Compiling libc v0.2.184
   Compiling serde_core v1.0.228
   Compiling serde v1.0.228
   Compiling autocfg v1.5.0
   Compiling once_cell v1.21.3
   Compiling smallvec v1.15.1
   Compiling equivalent v1.0.2
   Compiling itoa v1.0.15
   Compiling rustversion v1.0.22
   Compiling regex-syntax v0.8.10
   Compiling bitflags v2.11.0
   Compiling shlex v1.3.0
   Compiling find-msvc-tools v0.1.2
   Compiling heck v0.5.0
   Compiling aho-corasick v1.1.4
   Compiling zmij v1.0.10
   Compiling either v1.15.0
   Compiling serde_json v1.0.149
   Compiling log v0.4.29
   Compiling hashbrown v0.16.1
   Compiling crossbeam-utils v0.8.21
   Compiling unicode-width v0.2.2
   Compiling siphasher v1.0.1
   Compiling ryu v1.0.20
   Compiling zerocopy v0.8.27
   Compiling collection_literals v1.0.2
   Compiling interpolator v0.5.0
   Compiling static_assertions v1.1.0
   Compiling itertools v0.14.0
   Compiling ref-cast v1.0.25
   Compiling tracing-core v0.1.36
   Compiling regex-automata v0.4.14
   Compiling syn v2.0.117
   Compiling proc-macro-utils v0.10.0
   Compiling phf_shared v0.11.3
   Compiling dyn-clone v1.0.20
   Compiling strsim v0.11.1
   Compiling thiserror v2.0.18
   Compiling manyhow-macros v0.11.4
   Compiling castaway v0.2.4
   Compiling pin-project-lite v0.2.16
   Compiling num-traits v0.2.19
   Compiling lock_api v0.4.13
   Compiling jobserver v0.1.34
   Compiling getrandom v0.2.16
   Compiling rand_core v0.6.4
   Compiling cc v1.2.38
   Compiling ruff_text_size v0.0.0 (/private/tmp/refactor-eq-workdir/bb-merged-24616/crates/ruff_text_size)
   Compiling portable-atomic v1.13.1
   Compiling indexmap v2.13.1
   Compiling regex v1.12.3
   Compiling parking_lot_core v0.9.11
   Compiling ordermap v1.1.0
   Compiling ruff_source_file v0.0.0 (/private/tmp/refactor-eq-workdir/bb-merged-24616/crates/ruff_source_file)
   Compiling bstr v1.12.1
   Compiling synstructure v0.13.2
   Compiling manyhow v0.11.4
   Compiling serde_derive_internals v0.29.1
   Compiling memoffset v0.9.1
   Compiling anstyle v1.0.14
   Compiling allocator-api2 v0.2.21
   Compiling rustc-hash v2.1.2
   Compiling foldhash v0.1.5
   Compiling scopeguard v1.2.0
   Compiling pkg-config v0.3.32
   Compiling glob v0.3.3
   Compiling hashbrown v0.15.5
   Compiling ppv-lite86 v0.2.21
   Compiling rand_chacha v0.3.1
   Compiling globset v0.4.18
   Compiling zstd-sys v2.0.16+zstd.1.5.7
   Compiling ruff_python_trivia v0.0.0 (/private/tmp/refactor-eq-workdir/bb-merged-24616/crates/ruff_python_trivia)
   Compiling rand v0.8.5
   Compiling serde_derive v1.0.228
   Compiling quote-use-macros v0.8.4
   Compiling derive-where v1.6.0
   Compiling ref-cast-impl v1.0.25
   Compiling schemars_derive v1.2.1
   Compiling tracing-attributes v0.1.31
   Compiling phf_generator v0.11.3
   Compiling quote-use v0.8.4
   Compiling thiserror-impl v2.0.18
   Compiling zerofrom-derive v0.1.6
   Compiling phf_codegen v0.11.3
   Compiling yoke-derive v0.8.2
   Compiling stable_deref_trait v1.2.0
   Compiling boxcar v0.2.14
   Compiling ruff_macros v0.0.0 (/private/tmp/refactor-eq-workdir/bb-merged-24616/crates/ruff_macros)
   Compiling crossbeam-queue v0.3.12
   Compiling getrandom v0.4.2
   Compiling tracing v0.1.44
   Compiling rand_core v0.10.0
   Compiling parking_lot v0.12.4
   Compiling zerovec-derive v0.11.3
   Compiling salsa-macros v0.26.1 (https://github.com/salsa-rs/salsa.git?rev=2f687a17ceea8ec7aaa605561ccbde938ccef086#2f687a17)
   Compiling zerofrom v0.1.6
   Compiling is-macro v0.3.7
   Compiling intrusive-collections v0.9.7
   Compiling hashlink v0.10.0
   Compiling filetime v0.2.27
   Compiling attribute-derive-macro v0.10.3
   Compiling salsa-macro-rules v0.26.1 (https://github.com/salsa-rs/salsa.git?rev=2f687a17ceea8ec7aaa605561ccbde938ccef086#2f687a17)
   Compiling seahash v4.1.0
   Compiling zstd-safe v5.0.2+zstd.1.5.2
   Compiling inventory v0.3.21
   Compiling thin-vec v0.2.14
   Compiling ruff_cache v0.0.0 (/private/tmp/refactor-eq-workdir/bb-merged-24616/crates/ruff_cache)
   Compiling displaydoc v0.2.5
   Compiling getopts v0.2.24
   Compiling lazy_static v1.5.0
   Compiling anyhow v1.0.102
   Compiling phf v0.11.3
   Compiling unicode_names2_generator v1.3.0
   Compiling crc32fast v1.5.0
   Compiling same-file v1.0.6
   Compiling rustix v1.1.4
   Compiling walkdir v2.5.0
   Compiling attribute-derive v0.10.3
   Compiling crossbeam-epoch v0.9.18
   Compiling errno v0.3.14
   Compiling unicode_names2 v1.3.0
   Compiling core-foundation-sys v0.8.7
   Compiling adler2 v2.0.1
   Compiling ident_case v1.0.1
   Compiling tinyvec_macros v0.1.1
   Compiling miniz_oxide v0.8.9
   Compiling tinyvec v1.10.0
   Compiling darling_core v0.23.0
   Compiling iana-time-zone v0.1.64
   Compiling crossbeam-deque v0.8.6
   Compiling chacha20 v0.10.0
   Compiling writeable v0.6.2
   Compiling litemap v0.8.0
   Compiling rand v0.10.0
   Compiling chrono v0.4.44
   Compiling yoke v0.8.2
   Compiling unicode-normalization v0.1.24
   Compiling utf8_iter v1.0.4
   Compiling byteorder v1.5.0
   Compiling icu_properties_data v2.2.0
   Compiling uuid v1.23.0
   Compiling sharded-slab v0.1.7
   Compiling matchers v0.2.0
   Compiling tracing-log v0.2.0
   Compiling thread_local v1.1.9
   Compiling nu-ansi-term v0.50.1
   Compiling vte v0.14.1
   Compiling camino v1.2.2
   Compiling tracing-subscriber v0.3.23
   Compiling path-slash v0.2.1
   Compiling compact_str v0.9.0
   Compiling schemars v1.2.1
   Compiling strip-ansi-escapes v0.2.1
   Compiling darling_macro v0.23.0
   Compiling salsa v0.26.1 (https://github.com/salsa-rs/salsa.git?rev=2f687a17ceea8ec7aaa605561ccbde938ccef086#2f687a17)
   Compiling newtype-uuid v1.3.2
   Compiling darling v0.23.0
   Compiling flate2 v1.1.2
   Compiling ignore v0.4.25
   Compiling which v8.0.2
   Compiling quick-xml v0.38.4
   Compiling utf8parse v0.2.2
   Compiling hashbrown v0.14.5
   Compiling get-size-derive2 v0.7.4
   Compiling dashmap v6.1.0
   Compiling quick-junit v0.6.0
   Compiling get-size2 v0.7.4
   Compiling anstyle-parse v1.0.0
   Compiling ty_static v0.0.1 (/private/tmp/refactor-eq-workdir/bb-merged-24616/crates/ty_static)
   Compiling ruff_annotate_snippets v0.1.0 (/private/tmp/refactor-eq-workdir/bb-merged-24616/crates/ruff_annotate_snippets)
   Compiling zerovec v0.11.6
   Compiling zerotrie v0.2.4
   Compiling arc-swap v1.9.1
   Compiling etcetera v0.11.0
   Compiling matchit v0.9.1
   Compiling dunce v1.0.5
   Compiling anstyle-query v1.1.4
   Compiling is_terminal_polyfill v1.70.1
   Compiling winnow v1.0.0
   Compiling similar v3.1.0
   Compiling colorchoice v1.0.4
   Compiling supports-hyperlinks v3.2.0
   Compiling pathdiff v0.2.3
   Compiling anstream v1.0.0
   Compiling terminal_size v0.4.3
   Compiling clap_lex v1.0.0
   Compiling clap_derive v4.6.0
   Compiling clap_builder v4.6.0
   Compiling strum_macros v0.28.0
   Compiling ruff_python_stdlib v0.0.0 (/private/tmp/refactor-eq-workdir/bb-merged-24616/crates/ruff_python_stdlib)
   Compiling toml_parser v1.1.2+spec-1.1.0
   Compiling serde_with_macros v3.18.0
   Compiling serde_spanned v1.1.1
   Compiling ruff_memory_usage v0.0.0 (/private/tmp/refactor-eq-workdir/bb-merged-24616/crates/ruff_memory_usage)
   Compiling colored v3.1.1
   Compiling icu_normalizer_data v2.2.0
   Compiling drop_bomb v0.1.5
   Compiling ruff_diagnostics v0.0.0 (/private/tmp/refactor-eq-workdir/bb-merged-24616/crates/ruff_diagnostics)
   Compiling clap v4.6.0
   Compiling toml_datetime v1.1.1+spec-1.1.0
   Compiling strum v0.28.0
   Compiling serde_with v3.18.0
   Compiling version-ranges v0.1.1
   Compiling unscanny v0.1.0
   Compiling toml_writer v1.1.1+spec-1.1.0
   Compiling ruff_python_ast v0.0.0 (/private/tmp/refactor-eq-workdir/bb-merged-24616/crates/ruff_python_ast)
   Compiling ruff_index v0.0.0 (/private/tmp/refactor-eq-workdir/bb-merged-24616/crates/ruff_index)
   Compiling toml v1.1.2+spec-1.1.0
   Compiling pep440_rs v0.7.3
   Compiling option-ext v0.2.0
   Compiling dirs-sys v0.5.0
   Compiling ruff_formatter v0.0.0 (/private/tmp/refactor-eq-workdir/bb-merged-24616/crates/ruff_formatter)
   Compiling percent-encoding v2.3.2
   Compiling countme v3.0.1
   Compiling form_urlencoded v1.2.2
   Compiling tinystr v0.8.3
   Compiling potential_utf v0.1.3
   Compiling icu_locale_core v2.2.0
   Compiling icu_collections v2.2.0
   Compiling dirs v6.0.0
   Compiling radium v0.7.0
   Compiling shellexpand v3.1.2
   Compiling ruff_options_metadata v0.0.0 (/private/tmp/refactor-eq-workdir/bb-merged-24616/crates/ruff_options_metadata)
   Compiling tap v1.0.1
   Compiling crossbeam-channel v0.5.15
   Compiling wyz v0.5.1
   Compiling rayon-core v1.13.0
   Compiling funty v2.0.0
   Compiling icu_provider v2.2.0
   Compiling itertools v0.13.0
   Compiling thiserror v1.0.69
   Compiling icu_properties v2.2.0
   Compiling icu_normalizer v2.2.0
   Compiling cfg_aliases v0.2.1
   Compiling nix v0.31.2
   Compiling crossbeam v0.8.4
   Compiling thiserror-impl v1.0.69
   Compiling ruff_notebook v0.0.0 (/private/tmp/refactor-eq-workdir/bb-merged-24616/crates/ruff_notebook)
   Compiling bitvec v1.0.1
   Compiling fsevent-sys v4.1.0
   Compiling notify-types v2.0.0
   Compiling wasm-bindgen-shared v0.2.105
   Compiling paste v1.0.15
   Compiling peg-runtime v0.8.5
   Compiling idna_adapter v1.2.1
   Compiling idna v1.1.0
   Compiling peg-macros v0.8.5
   Compiling rayon v1.11.0
   Compiling notify v8.2.0
   Compiling url v2.5.8
   Compiling toml_datetime v0.7.5+spec-1.1.0
   Compiling phf_shared v0.13.1
   Compiling urlencoding v2.1.3
   Compiling winnow v0.7.13
   Compiling jiff v0.2.23
   Compiling peg v0.8.5
   Compiling phf v0.13.1
   Compiling rust-stemmers v1.2.0
   Compiling libcst_derive v1.8.6
   Compiling pep508_rs v0.9.2
   Compiling annotate-snippets v0.11.5
   Compiling ruff_python_parser v0.0.0 (/private/tmp/refactor-eq-workdir/bb-merged-24616/crates/ruff_python_parser)
   Compiling ruff_python_literal v0.0.0 (/private/tmp/refactor-eq-workdir/bb-merged-24616/crates/ruff_python_literal)
   Compiling path-dedot v3.1.1
   Compiling path-absolutize v3.1.1
   Compiling ruff_python_index v0.0.0 (/private/tmp/refactor-eq-workdir/bb-merged-24616/crates/ruff_python_index)
   Compiling toml v0.9.12+spec-1.1.0
   Compiling imperative v1.0.7
   Compiling libcst v1.8.6
   Compiling fern v0.7.1
   Compiling bumpalo v3.19.0
   Compiling typed-arena v2.0.2
   Compiling natord v1.0.9
   Compiling wasm-bindgen v0.2.105
   Compiling wasm-bindgen-macro-support v0.2.105
   Compiling fastrand v2.3.0
   Compiling terminfo v0.9.0
   Compiling ruff_python_codegen v0.0.0 (/private/tmp/refactor-eq-workdir/bb-merged-24616/crates/ruff_python_codegen)
   Compiling ruff_python_semantic v0.0.0 (/private/tmp/refactor-eq-workdir/bb-merged-24616/crates/ruff_python_semantic)
   Compiling tempfile v3.27.0
   Compiling ruff_python_importer v0.0.0 (/private/tmp/refactor-eq-workdir/bb-merged-24616/crates/ruff_python_importer)
   Compiling serde_repr v0.1.20
   Compiling pyproject-toml v0.13.7
   Compiling console v0.16.1
   Compiling fs-err v3.3.0
   Compiling minimal-lexical v0.2.1
   Compiling objc2 v0.6.3
   Compiling bitflags v1.3.2
   Compiling lsp-types v0.95.1 (https://github.com/astral-sh/lsp-types.git?rev=e15db0593f0ecbbd80599c3f5880e4bf5da1ca0c#e15db059)
   Compiling nom v7.1.3
   Compiling wasm-bindgen-macro v0.2.105
   Compiling lsp-server v0.7.9
   Compiling clap_complete v4.5.58
   Compiling tikv-jemalloc-sys v0.6.1+5.3.0-1-ge13ca993e8ccb9ba9847cc330696e02839f328f7
   Compiling arrayvec v0.7.6
   Compiling objc2-encode v4.1.0
   Compiling jod-thread v1.0.0
   Compiling fnv v1.0.7
   Compiling vte v0.15.0
   Compiling clap_complete_nushell v4.5.8
   Compiling os_str_bytes v7.1.1
   Compiling vt100 v0.16.2
   Compiling argfile v1.0.0
   Compiling clap_complete_command v0.6.1
   Compiling approx v0.5.1
   Compiling codspeed v4.4.1
   Compiling wild v2.2.1
   Compiling zstd v0.11.2+zstd.1.5.2
   Compiling js-sys v0.3.82
   Compiling virtue v0.0.18
   Compiling unit-prefix v0.5.1
   Compiling zip v0.6.6
   Compiling block2 v0.6.2
   Compiling indicatif v0.18.4
   Compiling ruff_db v0.0.0 (/private/tmp/refactor-eq-workdir/bb-merged-24616/crates/ruff_db)
   Compiling bincode_derive v2.0.1
   Compiling dispatch2 v0.3.0
   Compiling statrs v0.18.0
   Compiling ty_vendored v0.0.0 (/private/tmp/refactor-eq-workdir/bb-merged-24616/crates/ty_vendored)
   Compiling clearscreen v4.0.6
   Compiling colored v2.2.0
   Compiling toml_edit v0.23.6
   Compiling divan-macros v0.1.17
   Compiling alloca v0.4.0
   Compiling half v2.6.0
   Compiling ruff v0.15.10 (/private/tmp/refactor-eq-workdir/bb-merged-24616/crates/ruff)
   Compiling ty v0.0.0 (/private/tmp/refactor-eq-workdir/bb-merged-24616/crates/ty)
   Compiling ciborium-io v0.2.2
   Compiling unty v0.0.4
   Compiling ciborium-ll v0.2.2
   Compiling bincode v2.0.1
   Compiling proc-macro-crate v3.4.0
   Compiling web-sys v0.3.82
   Compiling ctrlc v3.5.2
   Compiling cachedir v0.3.1
   Compiling globwalk v0.9.1
   Compiling tracing-flame v0.2.0
   Compiling regex-lite v0.1.7
   Compiling condtype v1.3.0
   Compiling codspeed-divan-compat v4.4.1
   Compiling cast v0.3.0
   Compiling similar v2.7.0
   Compiling console_log v1.0.0
   Compiling codspeed-divan-compat-macros v4.4.1
   Compiling criterion-plot v0.8.2
   Compiling ty_module_resolver v0.0.0 (/private/tmp/refactor-eq-workdir/bb-merged-24616/crates/ty_module_resolver)
   Compiling ty_site_packages v0.0.0 (/private/tmp/refactor-eq-workdir/bb-merged-24616/crates/ty_site_packages)
   Compiling ruff_python_formatter v0.0.0 (/private/tmp/refactor-eq-workdir/bb-merged-24616/crates/ruff_python_formatter)
   Compiling ty_combine v0.0.0 (/private/tmp/refactor-eq-workdir/bb-merged-24616/crates/ty_combine)
   Compiling ruff_linter v0.15.10 (/private/tmp/refactor-eq-workdir/bb-merged-24616/crates/ruff_linter)
   Compiling insta v1.47.2
   Compiling codspeed-divan-compat-walltime v4.4.1
   Compiling serde-wasm-bindgen v0.6.5
   Compiling ciborium v0.2.2
   Compiling console_error_panic_hook v0.1.7
   Compiling tinytemplate v1.2.1
   Compiling page_size v0.6.0
   Compiling csv-core v0.1.12
   Compiling diff v0.1.13
   Compiling anes v0.1.6
   Compiling rustc-stable-hash v0.1.2
   Compiling yansi v1.0.1
   Compiling unicode-id v0.3.6
   Compiling ty_wasm v0.0.0 (/private/tmp/refactor-eq-workdir/bb-merged-24616/crates/ty_wasm)
   Compiling oorandom v11.1.5
   Compiling markdown v1.0.0
   Compiling criterion v0.8.2
   Compiling pretty_assertions v1.4.1
   Compiling csv v1.4.0
   Compiling tracing-indicatif v0.3.14
   Compiling imara-diff v0.2.0
   Compiling ruff_python_trivia_integration_tests v0.0.0 (/private/tmp/refactor-eq-workdir/bb-merged-24616/crates/ruff_python_trivia_integration_tests)
   Compiling ruff_python_ast_integration_tests v0.0.0 (/private/tmp/refactor-eq-workdir/bb-merged-24616/crates/ruff_python_ast_integration_tests)
   Compiling ty_python_core v0.0.0 (/private/tmp/refactor-eq-workdir/bb-merged-24616/crates/ty_python_core)
   Compiling ty_python_semantic v0.0.0 (/private/tmp/refactor-eq-workdir/bb-merged-24616/crates/ty_python_semantic)
   Compiling ruff_graph v0.1.0 (/private/tmp/refactor-eq-workdir/bb-merged-24616/crates/ruff_graph)
   Compiling ruff_workspace v0.0.0 (/private/tmp/refactor-eq-workdir/bb-merged-24616/crates/ruff_workspace)
   Compiling ruff_markdown v0.0.0 (/private/tmp/refactor-eq-workdir/bb-merged-24616/crates/ruff_markdown)
   Compiling ruff_server v0.2.2 (/private/tmp/refactor-eq-workdir/bb-merged-24616/crates/ruff_server)
   Compiling ty_project v0.0.0 (/private/tmp/refactor-eq-workdir/bb-merged-24616/crates/ty_project)
   Compiling mdtest v0.0.0 (/private/tmp/refactor-eq-workdir/bb-merged-24616/crates/mdtest)
   Compiling ty_test v0.0.0 (/private/tmp/refactor-eq-workdir/bb-merged-24616/crates/ty_test)
   Compiling ty_ide v0.0.0 (/private/tmp/refactor-eq-workdir/bb-merged-24616/crates/ty_ide)
   Compiling ty_server v0.0.0 (/private/tmp/refactor-eq-workdir/bb-merged-24616/crates/ty_server)
   Compiling ruff_wasm v0.15.10 (/private/tmp/refactor-eq-workdir/bb-merged-24616/crates/ruff_wasm)
   Compiling tikv-jemallocator v0.6.1
   Compiling ruff_benchmark v0.0.0 (/private/tmp/refactor-eq-workdir/bb-merged-24616/crates/ruff_benchmark)
   Compiling ty_completion_eval v0.0.0 (/private/tmp/refactor-eq-workdir/bb-merged-24616/crates/ty_completion_eval)
   Compiling ruff_dev v0.0.0 (/private/tmp/refactor-eq-workdir/bb-merged-24616/crates/ruff_dev)
   Compiling ty_completion_bench v0.0.0 (/private/tmp/refactor-eq-workdir/bb-merged-24616/crates/ty_completion_bench)
    Finished `dev` profile [unoptimized + debuginfo] target(s) in 42.43s
