YOLO mode is enabled. All tool calls will be automatically approved.
YOLO mode is enabled. All tool calls will be automatically approved.
Error executing tool read_file: File not found.
I have reviewed the draft PR diff and compiled a list of actionable, merge-readiness comments based on the repo's context and standard conventions. The comments have been saved to the requested path.

Output written to: `/Users/junekim/Documents/refactor-equivalence/samples/v2/adk-go-715/reviewer-loop/round-2-comments.md`.

```markdown
## Comment 1 — Leftover debug statement
**Severity**: approve-blocker
**File**: cmd/adkgo/internal/deploy/agentengine/agentengine.go:310
**Request**: Remove the debug statement `fmt.Println(flags)`.
**Why**: This is leftover debugging code that will pollute standard output on every execution of the deploy command.

## Comment 2 — Resource leak in cleanTemp
**Severity**: approve-blocker
**File**: cmd/adkgo/internal/deploy/agentengine/agentengine.go:152
**Request**: Uncomment the `os.RemoveAll(f.build.tempDir)` logic and its associated error handling inside `cleanTemp()`.
**Why**: Leaving this cleanup code commented out causes a temporary directory leak on the user's filesystem every time they deploy.

## Comment 3 — Unfinished CLI documentation
**Severity**: approve-blocker
**File**: cmd/adkgo/internal/deploy/agentengine/agentengine.go:83
**Request**: Replace the `TODO(kdroste)` and placeholder `????????????????????????????????????????????????????????????????????????????` in the `Long` description with actual documentation.
**Why**: The CLI help output currently displays temporary placeholder text, which is not ready for users.

## Comment 4 — Empty service name in runGcloudProxy
**Severity**: approve-blocker
**File**: cmd/adkgo/internal/deploy/agentengine/agentengine.go:303
**Request**: Handle the case where `f.agentEngine.name` is empty. You should either validate that the user passed the `--name` flag, default it, or extract the underlying service name from the created Reasoning Engine.
**Why**: If the user omits the optional `--name` flag, the deploy step will succeed but the local proxy step will execute `gcloud run services proxy ""` which immediately fails due to an empty service name.

## Comment 5 — Missing required flag validation
**Severity**: nice-to-have
**File**: cmd/adkgo/internal/deploy/agentengine/agentengine.go:96
**Request**: Consider validating that the `region` and `project_name` flags are provided (e.g., using `cobra.MarkFlagRequired`), or pull their defaults from the active environment.
**Why**: If the user does not provide these flags, the deployment will fail with a malformed API path like `projects//locations/`.
```
