YOLO mode is enabled. All tool calls will be automatically approved.
YOLO mode is enabled. All tool calls will be automatically approved.
Error stating path rules_python//python:repositories.bzl", "py_repositories")
+py_repositories()
+
+http_archive(
     name = "com_google_protobuf",
     sha256 = "29372fc269325b491126d204931eda436bf9a593f46b3467fac42c40f9b32944",
     strip_prefix = "protobuf-31.0",
@@ -107,16 +117,6 @@
 
 # gazelle:repository_macro repositories.bzl%com_googleapis_gapic_generator_go_repositories
 com_googleapis_gapic_generator_go_repositories()
-
-http_archive(
-    name = "rules_python",
-    sha256 = "098ba13578e796c00c853a2161f382647f32eb9a77099e1c88bc5299333d0d6e",
-    strip_prefix = "rules_python-1.9.0",
-    url = "https://github.com/bazel-contrib/rules_python/releases/download/1.9.0/rules_python-1.9.0.tar.gz",
-)
-
-load("@rules_python//python:repositories.bzl", "py_repositories")
-py_repositories()
 
 load("@io_bazel_rules_go//go:deps.bzl", "go_register_toolchains", "go_rules_dependencies")
 
diff -urN --ex /tmp/refactor-eq-workdir/cleanroom-v2/1715/repositories.bzl /tmp/refactor-eq-workdir/bb-merged-1715/repositories.bzl
--- /tmp/refactor-eq-workdir/cleanroom-v2/1715/repositories.bzl	2026-03-18 20:56:14
+++ /tmp/refactor-eq-workdir/bb-merged-1715/repositories.bzl	2026-04-17 11:46:08
@@ -14,7 +14,6 @@
 
 load(
     "@bazel_gazelle//:deps.bzl",
-
     gazelle_go_repository = "go_repository",
 )
 load("@bazel_tools//tools/build_defs/repo:http.bzl", "http_archive")
```

### Version B
```diff
diff --git a/.bazelrc b/.bazelrc
index 07f603a2..a33971af 100644
--- a/.bazelrc
+++ b/.bazelrc
@@ -1,2 +1,2 @@
 # Will be fixed by b/284490710.
-build --repo_env=BAZEL_CXXOPTS="-std=c++14"
 No newline at end of file
+build --repo_env=BAZEL_CXXOPTS="-std=c++17"
 No newline at end of file
diff --git a/.bazelversion b/.bazelversion
new file mode 100644
index 00000000..4be2c727
--- /dev/null
+++ b/.bazelversion
@@ -0,0 +1 @@
+6.5.0
 No newline at end of file
diff --git a/Makefile b/Makefile
index 61de77cb..2421292e 100644
--- a/Makefile
+++ b/Makefile
@@ -26,9 +26,9 @@ install:
 
 update-bazel-repos:
 	bazelisk run //:gazelle -- update-repos -from_file=go.mod -prune -to_macro=repositories.bzl%com_googleapis_gapic_generator_go_repositories
-	sed -i ''  "s/: ENAMETOOLONG: name too long, stat '/Users/junekim/Documents/refactor-equivalence/rules_python/python:repositories.bzl", "py_repositories")
+py_repositories()
+
+http_archive(
     name = "com_google_protobuf",
     sha256 = "29372fc269325b491126d204931eda436bf9a593f46b3467fac42c40f9b32944",
     strip_prefix = "protobuf-31.0",
@@ -107,16 +117,6 @@
 
 # gazelle:repository_macro repositories.bzl%com_googleapis_gapic_generator_go_repositories
 com_googleapis_gapic_generator_go_repositories()
-
-http_archive(
-    name = "rules_python",
-    sha256 = "098ba13578e796c00c853a2161f382647f32eb9a77099e1c88bc5299333d0d6e",
-    strip_prefix = "rules_python-1.9.0",
-    url = "https:/github.com/bazel-contrib/rules_python/releases/download/1.9.0/rules_python-1.9.0.tar.gz",
-)
-
-load("@rules_python/python:repositories.bzl", "py_repositories")
-py_repositories()
 
 load("@io_bazel_rules_go/go:deps.bzl", "go_register_toolchains", "go_rules_dependencies")
 
diff -urN --ex /tmp/refactor-eq-workdir/cleanroom-v2/1715/repositories.bzl /tmp/refactor-eq-workdir/bb-merged-1715/repositories.bzl
--- /tmp/refactor-eq-workdir/cleanroom-v2/1715/repositories.bzl	2026-03-18 20:56:14
+++ /tmp/refactor-eq-workdir/bb-merged-1715/repositories.bzl	2026-04-17 11:46:08
@@ -14,7 +14,6 @@
 
 load(
     "@bazel_gazelle/:deps.bzl",
-
     gazelle_go_repository = "go_repository",
 )
 load("@bazel_tools/tools/build_defs/repo:http.bzl", "http_archive")
```

### Version B
```diff
diff --git a/.bazelrc b/.bazelrc
index 07f603a2..a33971af 100644
--- a/.bazelrc
+++ b/.bazelrc
@@ -1,2 +1,2 @@
 # Will be fixed by b/284490710.
-build --repo_env=BAZEL_CXXOPTS="-std=c++14"
 No newline at end of file
+build --repo_env=BAZEL_CXXOPTS="-std=c++17"
 No newline at end of file
diff --git a/.bazelversion b/.bazelversion
new file mode 100644
index 00000000..4be2c727
--- /dev/null
+++ b/.bazelversion
@@ -0,0 +1 @@
+6.5.0
 No newline at end of file
diff --git a/Makefile b/Makefile
index 61de77cb..2421292e 100644
--- a/Makefile
+++ b/Makefile
@@ -26,9 +26,9 @@ install:
 
 update-bazel-repos:
 	bazelisk run /:gazelle -- update-repos -from_file=go.mod -prune -to_macro=repositories.bzl%com_googleapis_gapic_generator_go_repositories
-	sed -i ''  "s'
Error stating path bazel_skylib//:workspace.bzl", "bazel_skylib_workspace")
 
 bazel_skylib_workspace()
 
+http_archive(
+    name = "rules_java",
+    urls = [
+        "https://github.com/bazelbuild/rules_java/releases/download/9.6.1/rules_java-9.6.1.tar.gz",
+    ],
+    sha256 = "9de4e178c2c4f98d32aafe5194c3f2b717ae10405caa11bdcb460ac2a6f61516",
+)
+
+http_archive(
+    name = "bazel_features",
+    sha256 = "a660027f5a87f13224ab54b8dc6e191693c554f2692fcca46e8e29ee7dabc43b",
+    strip_prefix = "bazel_features-1.30.0",
+    url = "https://github.com/bazel-contrib/bazel_features/releases/download/v1.30.0/bazel_features-v1.30.0.tar.gz",
+)
+
+load("@bazel_features//:deps.bzl", "bazel_features_deps")
+bazel_features_deps()
+
+load("@rules_java//java:rules_java_deps.bzl", "rules_java_dependencies")
+rules_java_dependencies()
+
 http_archive(
     name = "com_google_protobuf",
-    sha256 = "d19643d265b978383352b3143f04c0641eea75a75235c111cc01a1350173180e",
-    strip_prefix = "protobuf-25.3",
-    urls = ["https://github.com/protocolbuffers/protobuf/archive/v25.3.tar.gz"],
+    sha256 = "29372fc269325b491126d204931eda436bf9a593f46b3467fac42c40f9b32944",
+    strip_prefix = "protobuf-31.0",
+    urls = ["https://github.com/protocolbuffers/protobuf/releases/download/v31.0/protobuf-31.0.tar.gz"],
 )
 
 load("@com_google_protobuf//:protobuf_deps.bzl", "protobuf_deps")
@@ -30,9 +51,9 @@ protobuf_deps()
 
 http_archive(
     name = "rules_proto",
-    sha256 = "6fb6767d1bef535310547e03247f7518b03487740c11b6c6adb7952033fe1295",
-    strip_prefix = "rules_proto-6.0.2",
-    url = "https://github.com/bazelbuild/rules_proto/releases/download/6.0.2/rules_proto-6.0.2.tar.gz",
+    sha256 = "14a225870ab4e91869652cfd69ef2028277fc1dc4910d65d353b62d6e0ae21f4",
+    strip_prefix = "rules_proto-7.1.0",
+    url = "https://github.com/bazelbuild/rules_proto/releases/download/7.1.0/rules_proto-7.1.0.tar.gz",
 )
 
 load("@rules_proto//proto:repositories.bzl", "rules_proto_dependencies")
@@ -66,19 +87,19 @@ switched_rules_by_language(
 
 http_archive(
     name = "io_bazel_rules_go",
-    sha256 = "d93ef02f1e72c82d8bb3d5169519b36167b33cf68c252525e3b9d3d5dd143de7",
+    sha256 = "86d3dc8f59d253524f933aaf2f3c05896cb0b605fc35b460c0b4b039996124c6",
     urls = [
-        "https://mirror.bazel.build/github.com/bazelbuild/rules_go/releases/download/v0.49.0/rules_go-v0.49.0.zip",
-        "https://github.com/bazelbuild/rules_go/releases/download/v0.49.0/rules_go-v0.49.0.zip",
+        "https://mirror.bazel.build/github.com/bazel-contrib/rules_go/releases/download/v0.60.0/rules_go-v0.60.0.zip",
+        "https://github.com/bazel-contrib/rules_go/releases/download/v0.60.0/rules_go-v0.60.0.zip",
     ],
 )
 
 http_archive(
     name = "bazel_gazelle",
-    sha256 = "75df288c4b31c81eb50f51e2e14f4763cb7548daae126817247064637fd9ea62",
+    sha256 = "675114d8b433d0a9f54d81171833be96ebc4113115664b791e6f204d58e93446",
     urls = [
-        "https://storage.googleapis.com/bazel-mirror/github.com/bazelbuild/bazel-gazelle/releases/download/v0.36.0/bazel-gazelle-v0.36.0.tar.gz",
-        "https://github.com/bazelbuild/bazel-gazelle/releases/download/v0.36.0/bazel-gazelle-v0.36.0.tar.gz",
+        "https://storage.googleapis.com/bazel-mirror/github.com/bazel-contrib/bazel-gazelle/releases/download/v0.47.0/bazel-gazelle-v0.47.0.tar.gz",
+        "https://github.com/bazel-contrib/bazel-gazelle/releases/download/v0.47.0/bazel-gazelle-v0.47.0.tar.gz",
     ],
 )
 
@@ -87,9 +108,19 @@ load("//:repositories.bzl", "com_googleapis_gapic_generator_go_repositories")
 # gazelle:repository_macro repositories.bzl%com_googleapis_gapic_generator_go_repositories
 com_googleapis_gapic_generator_go_repositories()
 
+http_archive(
+    name = "rules_python",
+    sha256 = "098ba13578e796c00c853a2161f382647f32eb9a77099e1c88bc5299333d0d6e",
+    strip_prefix = "rules_python-1.9.0",
+    url = "https://github.com/bazel-contrib/rules_python/releases/download/1.9.0/rules_python-1.9.0.tar.gz",
+)
+
+load("@rules_python//python:repositories.bzl", "py_repositories")
+py_repositories()
+
 load("@io_bazel_rules_go//go:deps.bzl", "go_register_toolchains", "go_rules_dependencies")
 
-go_register_toolchains(version = "1.24.0")
+go_register_toolchains(version = "1.25.0")
 
 go_rules_dependencies()
 
diff --git a/go.mod b/go.mod
index 5ca16783..f1b568a7 100644
--- a/go.mod
+++ b/go.mod
@@ -28,7 +28,7 @@ require (
 	gitlab.com/golang-commonmark/puny v0.0.0-20191124015043-9f83538fa04f // indirect
 	golang.org/x/net v0.49.0 // indirect
 	golang.org/x/sys v0.40.0 // indirect
-	google.golang.org/grpc v1.79.3 // indirect
+	google.golang.org/grpc v1.78.0 // indirect
 	gopkg.in/check.v1 v1.0.0-20201130134442-10cb98267c6c // indirect
 	gopkg.in/yaml.v2 v2.4.0 // indirect
 )
diff --git a/go.sum b/go.sum
index efaa7762..daa0c03c 100644
--- a/go.sum
+++ b/go.sum
@@ -4,8 +4,6 @@ cloud.google.com/go/longrunning v0.8.0 h1:LiKK77J3bx5gDLi4SMViHixjD2ohlkwBi+mKA7
 cloud.google.com/go/longrunning v0.8.0/go.mod h1:UmErU2Onzi+fKDg2gR7dusz11Pe26aknR4kHmJJqIfk=
 github.com/bufbuild/protocompile v0.14.1 h1:iA73zAf/fyljNjQKwYzUHD6AD4R8KMasmwa/FBatYVw=
 github.com/bufbuild/protocompile v0.14.1/go.mod h1:ppVdAIhbr2H8asPk6k4pY7t9zB1OU5DoEw9xY/FUi1c=
-github.com/cespare/xxhash/v2 v2.3.0 h1:UL815xU9SqsFlibzuggzjXhog7bL6oX9BbNZnL2UFvs=
-github.com/cespare/xxhash/v2 v2.3.0/go.mod h1:VGX0DQ3Q6kWi7AoAeZDth3/j3BFtOZR5XLFGgcrjCOs=
 github.com/creack/pty v1.1.9/go.mod h1:oKZEueFk5CKHvIhNR5MUki03XCEU+Q6VDXinZuGJ33E=
 github.com/davecgh/go-spew v1.1.1 h1:vj9j/u1bqnvCEfJOwUhtlOARqs3+rkHYY13jYWTU97c=
 github.com/davecgh/go-spew v1.1.1/go.mod h1:J7Y8YcW2NihsgmVo/mv3lAwl/skON4iLHjSsI+c5H38=
@@ -55,16 +53,16 @@ gitlab.com/opennota/wd v0.0.0-20180912061657-c5d65f63c638 h1:uPZaMiz6Sz0PZs3IZJW
 gitlab.com/opennota/wd v0.0.0-20180912061657-c5d65f63c638/go.mod h1:EGRJaqe2eO9XGmFtQCvV3Lm9NLico3UhFwUpCG/+mVU=
 go.opentelemetry.io/auto/sdk v1.2.1 h1:jXsnJ4Lmnqd11kwkBV2LgLoFMZKizbCi5fNZ/ipaZ64=
 go.opentelemetry.io/auto/sdk v1.2.1/go.mod h1:KRTj+aOaElaLi+wW1kO/DZRXwkF4C5xPbEe3ZiIhN7Y=
-go.opentelemetry.io/otel v1.39.0 h1:8yPrr/S0ND9QEfTfdP9V+SiwT4E0G7Y5MO7p85nis48=
-go.opentelemetry.io/otel v1.39.0/go.mod h1:kLlFTywNWrFyEdH0oj2xK0bFYZtHRYUdv1NklR/tgc8=
-go.opentelemetry.io/otel/metric v1.39.0 h1:d1UzonvEZriVfpNKEVmHXbdf909uGTOQjA0HF0Ls5Q0=
-go.opentelemetry.io/otel/metric v1.39.0/go.mod h1:jrZSWL33sD7bBxg1xjrqyDjnuzTUB0x1nBERXd7Ftcs=
-go.opentelemetry.io/otel/sdk v1.39.0 h1:nMLYcjVsvdui1B/4FRkwjzoRVsMK8uL/cj0OyhKzt18=
-go.opentelemetry.io/otel/sdk v1.39.0/go.mod h1:vDojkC4/jsTJsE+kh+LXYQlbL8CgrEcwmt1ENZszdJE=
-go.opentelemetry.io/otel/sdk/metric v1.39.0 h1:cXMVVFVgsIf2YL6QkRF4Urbr/aMInf+2WKg+sEJTtB8=
-go.opentelemetry.io/otel/sdk/metric v1.39.0/go.mod h1:xq9HEVH7qeX69/JnwEfp6fVq5wosJsY1mt4lLfYdVew=
-go.opentelemetry.io/otel/trace v1.39.0 h1:2d2vfpEDmCJ5zVYz7ijaJdOF59xLomrvj7bjt6/qCJI=
-go.opentelemetry.io/otel/trace v1.39.0/go.mod h1:88w4/PnZSazkGzz/w84VHpQafiU4EtqqlVdxWy+rNOA=
+go.opentelemetry.io/otel v1.38.0 h1:RkfdswUDRimDg0m2Az18RKOsnI8UDzppJAtj01/Ymk8=
+go.opentelemetry.io/otel v1.38.0/go.mod h1:zcmtmQ1+YmQM9wrNsTGV/q/uyusom3P8RxwExxkZhjM=
+go.opentelemetry.io/otel/metric v1.38.0 h1:Kl6lzIYGAh5M159u9NgiRkmoMKjvbsKtYRwgfrA6WpA=
+go.opentelemetry.io/otel/metric v1.38.0/go.mod h1:kB5n/QoRM8YwmUahxvI3bO34eVtQf2i4utNVLr9gEmI=
+go.opentelemetry.io/otel/sdk v1.38.0 h1:l48sr5YbNf2hpCUj/FoGhW9yDkl+Ma+LrVl8qaM5b+E=
+go.opentelemetry.io/otel/sdk v1.38.0/go.mod h1:ghmNdGlVemJI3+ZB5iDEuk4bWA3GkTpW+DOoZMYBVVg=
+go.opentelemetry.io/otel/sdk/metric v1.38.0 h1:aSH66iL0aZqo//xXzQLYozmWrXxyFkBJ6qT5wthqPoM=
+go.opentelemetry.io/otel/sdk/metric v1.38.0/go.mod h1:dg9PBnW9XdQ1Hd6ZnRz689CbtrUp0wMMs9iPcgT9EZA=
+go.opentelemetry.io/otel/trace v1.38.0 h1:Fxk5bKrDZJUH+AMyyIXGcFAPah0oRcT+LuNtJrmcNLE=
+go.opentelemetry.io/otel/trace v1.38.0/go.mod h1:j1P9ivuFsTceSWe1oY+EeW3sc+Pp42sO++GHkg4wwhs=
 golang.org/x/net v0.49.0 h1:eeHFmOGUTtaaPSGNmjBKpbng9MulQsJURQUAfUwY++o=
 golang.org/x/net v0.49.0/go.mod h1:/ysNB2EvaqvesRkuLAyjI1ycPZlQHM3q01F02UY/MV8=
 golang.org/x/sync v0.20.0 h1:e0PTpb7pjO8GAtTs2dQ6jYa5BWYlMuX047Dco/pItO4=
@@ -83,8 +81,8 @@ google.golang.org/genproto/googleapis/api v0.0.0-20260311181403-84a4fc48630c h1:
 google.golang.org/genproto/googleapis/api v0.0.0-20260311181403-84a4fc48630c/go.mod h1:X2gu9Qwng7Nn009s/r3RUxqkzQNqOrAy79bluY7ojIg=
 google.golang.org/genproto/googleapis/rpc v0.0.0-20260311181403-84a4fc48630c h1:xgCzyF2LFIO/0X2UAoVRiXKU5Xg6VjToG4i2/ecSswk=
 google.golang.org/genproto/googleapis/rpc v0.0.0-20260311181403-84a4fc48630c/go.mod h1:4Hqkh8ycfw05ld/3BWL7rJOSfebL2Q+DVDeRgYgxUU8=
-google.golang.org/grpc v1.79.3 h1:sybAEdRIEtvcD68Gx7dmnwjZKlyfuc61Dyo9pGXXkKE=
-google.golang.org/grpc v1.79.3/go.mod h1:KmT0Kjez+0dde/v2j9vzwoAScgEPx/Bw1CYChhHLrHQ=
+google.golang.org/grpc v1.78.0 h1:K1XZG/yGDJnzMdd/uZHAkVqJE+xIDOcmdSFZkBUicNc=
+google.golang.org/grpc v1.78.0/go.mod h1:I47qjTo4OKbMkjA/aOOwxDIiPSBofUtQUI5EfpWvW7U=
 google.golang.org/protobuf v1.36.11 h1:fV6ZwhNocDyBLK0dj+fg8ektcVegBBuEolpbTQyBNVE=
 google.golang.org/protobuf v1.36.11/go.mod h1:HTf+CrKn2C3g5S8VImy6tdcUvCska2kB7j23XfzDpco=
 gopkg.in/check.v1 v0.0.0-20161208181325-20d25e280405/go.mod h1:Co6ibVJAznAaIkqp8huTwlJQCZ016jof/cbN4VW5Yz0=
diff --git a/repositories.bzl b/repositories.bzl
index 3c74349d..40e89739 100644
```

Pick A or B. Note semantic concerns for each. Give rationale.

## Phase 2 — Trajectory

The version that was accepted after human review is NOT shown (it may differ from both). Based on your forced choice, classify the version you picked: would it likely be past (simpler than what reviewers accepted), short (improved but not as good), or wrong direction?

## Phase 3 — Blinding

Did you believe either version was AI-generated? Or the final accepted version? Or couldn't tell?

Respond as JSON:
{"forced_choice": "A" or "B", "rationale": "...", "semantic_concerns_A": ... , "semantic_concerns_B": ..., "trajectory": "past" or "short" or "wrong_direction", "blinding": "identified_ai" or "identified_final" or "could_not_tell": ENAMETOOLONG: name too long, stat '/Users/junekim/Documents/refactor-equivalence/bazel_skylib/:workspace.bzl", "bazel_skylib_workspace")
 
 bazel_skylib_workspace()
 
+http_archive(
+    name = "rules_java",
+    urls = [
+        "https:/github.com/bazelbuild/rules_java/releases/download/9.6.1/rules_java-9.6.1.tar.gz",
+    ],
+    sha256 = "9de4e178c2c4f98d32aafe5194c3f2b717ae10405caa11bdcb460ac2a6f61516",
+)
+
+http_archive(
+    name = "bazel_features",
+    sha256 = "a660027f5a87f13224ab54b8dc6e191693c554f2692fcca46e8e29ee7dabc43b",
+    strip_prefix = "bazel_features-1.30.0",
+    url = "https:/github.com/bazel-contrib/bazel_features/releases/download/v1.30.0/bazel_features-v1.30.0.tar.gz",
+)
+
+load("@bazel_features/:deps.bzl", "bazel_features_deps")
+bazel_features_deps()
+
+load("@rules_java/java:rules_java_deps.bzl", "rules_java_dependencies")
+rules_java_dependencies()
+
 http_archive(
     name = "com_google_protobuf",
-    sha256 = "d19643d265b978383352b3143f04c0641eea75a75235c111cc01a1350173180e",
-    strip_prefix = "protobuf-25.3",
-    urls = ["https:/github.com/protocolbuffers/protobuf/archive/v25.3.tar.gz"],
+    sha256 = "29372fc269325b491126d204931eda436bf9a593f46b3467fac42c40f9b32944",
+    strip_prefix = "protobuf-31.0",
+    urls = ["https:/github.com/protocolbuffers/protobuf/releases/download/v31.0/protobuf-31.0.tar.gz"],
 )
 
 load("@com_google_protobuf/:protobuf_deps.bzl", "protobuf_deps")
@@ -30,9 +51,9 @@ protobuf_deps()
 
 http_archive(
     name = "rules_proto",
-    sha256 = "6fb6767d1bef535310547e03247f7518b03487740c11b6c6adb7952033fe1295",
-    strip_prefix = "rules_proto-6.0.2",
-    url = "https:/github.com/bazelbuild/rules_proto/releases/download/6.0.2/rules_proto-6.0.2.tar.gz",
+    sha256 = "14a225870ab4e91869652cfd69ef2028277fc1dc4910d65d353b62d6e0ae21f4",
+    strip_prefix = "rules_proto-7.1.0",
+    url = "https:/github.com/bazelbuild/rules_proto/releases/download/7.1.0/rules_proto-7.1.0.tar.gz",
 )
 
 load("@rules_proto/proto:repositories.bzl", "rules_proto_dependencies")
@@ -66,19 +87,19 @@ switched_rules_by_language(
 
 http_archive(
     name = "io_bazel_rules_go",
-    sha256 = "d93ef02f1e72c82d8bb3d5169519b36167b33cf68c252525e3b9d3d5dd143de7",
+    sha256 = "86d3dc8f59d253524f933aaf2f3c05896cb0b605fc35b460c0b4b039996124c6",
     urls = [
-        "https:/mirror.bazel.build/github.com/bazelbuild/rules_go/releases/download/v0.49.0/rules_go-v0.49.0.zip",
-        "https:/github.com/bazelbuild/rules_go/releases/download/v0.49.0/rules_go-v0.49.0.zip",
+        "https:/mirror.bazel.build/github.com/bazel-contrib/rules_go/releases/download/v0.60.0/rules_go-v0.60.0.zip",
+        "https:/github.com/bazel-contrib/rules_go/releases/download/v0.60.0/rules_go-v0.60.0.zip",
     ],
 )
 
 http_archive(
     name = "bazel_gazelle",
-    sha256 = "75df288c4b31c81eb50f51e2e14f4763cb7548daae126817247064637fd9ea62",
+    sha256 = "675114d8b433d0a9f54d81171833be96ebc4113115664b791e6f204d58e93446",
     urls = [
-        "https:/storage.googleapis.com/bazel-mirror/github.com/bazelbuild/bazel-gazelle/releases/download/v0.36.0/bazel-gazelle-v0.36.0.tar.gz",
-        "https:/github.com/bazelbuild/bazel-gazelle/releases/download/v0.36.0/bazel-gazelle-v0.36.0.tar.gz",
+        "https:/storage.googleapis.com/bazel-mirror/github.com/bazel-contrib/bazel-gazelle/releases/download/v0.47.0/bazel-gazelle-v0.47.0.tar.gz",
+        "https:/github.com/bazel-contrib/bazel-gazelle/releases/download/v0.47.0/bazel-gazelle-v0.47.0.tar.gz",
     ],
 )
 
@@ -87,9 +108,19 @@ load("/:repositories.bzl", "com_googleapis_gapic_generator_go_repositories")
 # gazelle:repository_macro repositories.bzl%com_googleapis_gapic_generator_go_repositories
 com_googleapis_gapic_generator_go_repositories()
 
+http_archive(
+    name = "rules_python",
+    sha256 = "098ba13578e796c00c853a2161f382647f32eb9a77099e1c88bc5299333d0d6e",
+    strip_prefix = "rules_python-1.9.0",
+    url = "https:/github.com/bazel-contrib/rules_python/releases/download/1.9.0/rules_python-1.9.0.tar.gz",
+)
+
+load("@rules_python/python:repositories.bzl", "py_repositories")
+py_repositories()
+
 load("@io_bazel_rules_go/go:deps.bzl", "go_register_toolchains", "go_rules_dependencies")
 
-go_register_toolchains(version = "1.24.0")
+go_register_toolchains(version = "1.25.0")
 
 go_rules_dependencies()
 
diff --git a/go.mod b/go.mod
index 5ca16783..f1b568a7 100644
--- a/go.mod
+++ b/go.mod
@@ -28,7 +28,7 @@ require (
 	gitlab.com/golang-commonmark/puny v0.0.0-20191124015043-9f83538fa04f / indirect
 	golang.org/x/net v0.49.0 / indirect
 	golang.org/x/sys v0.40.0 / indirect
-	google.golang.org/grpc v1.79.3 / indirect
+	google.golang.org/grpc v1.78.0 / indirect
 	gopkg.in/check.v1 v1.0.0-20201130134442-10cb98267c6c / indirect
 	gopkg.in/yaml.v2 v2.4.0 / indirect
 )
diff --git a/go.sum b/go.sum
index efaa7762..daa0c03c 100644
--- a/go.sum
+++ b/go.sum
@@ -4,8 +4,6 @@ cloud.google.com/go/longrunning v0.8.0 h1:LiKK77J3bx5gDLi4SMViHixjD2ohlkwBi+mKA7
 cloud.google.com/go/longrunning v0.8.0/go.mod h1:UmErU2Onzi+fKDg2gR7dusz11Pe26aknR4kHmJJqIfk=
 github.com/bufbuild/protocompile v0.14.1 h1:iA73zAf/fyljNjQKwYzUHD6AD4R8KMasmwa/FBatYVw=
 github.com/bufbuild/protocompile v0.14.1/go.mod h1:ppVdAIhbr2H8asPk6k4pY7t9zB1OU5DoEw9xY/FUi1c=
-github.com/cespare/xxhash/v2 v2.3.0 h1:UL815xU9SqsFlibzuggzjXhog7bL6oX9BbNZnL2UFvs=
-github.com/cespare/xxhash/v2 v2.3.0/go.mod h1:VGX0DQ3Q6kWi7AoAeZDth3/j3BFtOZR5XLFGgcrjCOs=
 github.com/creack/pty v1.1.9/go.mod h1:oKZEueFk5CKHvIhNR5MUki03XCEU+Q6VDXinZuGJ33E=
 github.com/davecgh/go-spew v1.1.1 h1:vj9j/u1bqnvCEfJOwUhtlOARqs3+rkHYY13jYWTU97c=
 github.com/davecgh/go-spew v1.1.1/go.mod h1:J7Y8YcW2NihsgmVo/mv3lAwl/skON4iLHjSsI+c5H38=
@@ -55,16 +53,16 @@ gitlab.com/opennota/wd v0.0.0-20180912061657-c5d65f63c638 h1:uPZaMiz6Sz0PZs3IZJW
 gitlab.com/opennota/wd v0.0.0-20180912061657-c5d65f63c638/go.mod h1:EGRJaqe2eO9XGmFtQCvV3Lm9NLico3UhFwUpCG/+mVU=
 go.opentelemetry.io/auto/sdk v1.2.1 h1:jXsnJ4Lmnqd11kwkBV2LgLoFMZKizbCi5fNZ/ipaZ64=
 go.opentelemetry.io/auto/sdk v1.2.1/go.mod h1:KRTj+aOaElaLi+wW1kO/DZRXwkF4C5xPbEe3ZiIhN7Y=
-go.opentelemetry.io/otel v1.39.0 h1:8yPrr/S0ND9QEfTfdP9V+SiwT4E0G7Y5MO7p85nis48=
-go.opentelemetry.io/otel v1.39.0/go.mod h1:kLlFTywNWrFyEdH0oj2xK0bFYZtHRYUdv1NklR/tgc8=
-go.opentelemetry.io/otel/metric v1.39.0 h1:d1UzonvEZriVfpNKEVmHXbdf909uGTOQjA0HF0Ls5Q0=
-go.opentelemetry.io/otel/metric v1.39.0/go.mod h1:jrZSWL33sD7bBxg1xjrqyDjnuzTUB0x1nBERXd7Ftcs=
-go.opentelemetry.io/otel/sdk v1.39.0 h1:nMLYcjVsvdui1B/4FRkwjzoRVsMK8uL/cj0OyhKzt18=
-go.opentelemetry.io/otel/sdk v1.39.0/go.mod h1:vDojkC4/jsTJsE+kh+LXYQlbL8CgrEcwmt1ENZszdJE=
-go.opentelemetry.io/otel/sdk/metric v1.39.0 h1:cXMVVFVgsIf2YL6QkRF4Urbr/aMInf+2WKg+sEJTtB8=
-go.opentelemetry.io/otel/sdk/metric v1.39.0/go.mod h1:xq9HEVH7qeX69/JnwEfp6fVq5wosJsY1mt4lLfYdVew=
-go.opentelemetry.io/otel/trace v1.39.0 h1:2d2vfpEDmCJ5zVYz7ijaJdOF59xLomrvj7bjt6/qCJI=
-go.opentelemetry.io/otel/trace v1.39.0/go.mod h1:88w4/PnZSazkGzz/w84VHpQafiU4EtqqlVdxWy+rNOA=
+go.opentelemetry.io/otel v1.38.0 h1:RkfdswUDRimDg0m2Az18RKOsnI8UDzppJAtj01/Ymk8=
+go.opentelemetry.io/otel v1.38.0/go.mod h1:zcmtmQ1+YmQM9wrNsTGV/q/uyusom3P8RxwExxkZhjM=
+go.opentelemetry.io/otel/metric v1.38.0 h1:Kl6lzIYGAh5M159u9NgiRkmoMKjvbsKtYRwgfrA6WpA=
+go.opentelemetry.io/otel/metric v1.38.0/go.mod h1:kB5n/QoRM8YwmUahxvI3bO34eVtQf2i4utNVLr9gEmI=
+go.opentelemetry.io/otel/sdk v1.38.0 h1:l48sr5YbNf2hpCUj/FoGhW9yDkl+Ma+LrVl8qaM5b+E=
+go.opentelemetry.io/otel/sdk v1.38.0/go.mod h1:ghmNdGlVemJI3+ZB5iDEuk4bWA3GkTpW+DOoZMYBVVg=
+go.opentelemetry.io/otel/sdk/metric v1.38.0 h1:aSH66iL0aZqo/xXzQLYozmWrXxyFkBJ6qT5wthqPoM=
+go.opentelemetry.io/otel/sdk/metric v1.38.0/go.mod h1:dg9PBnW9XdQ1Hd6ZnRz689CbtrUp0wMMs9iPcgT9EZA=
+go.opentelemetry.io/otel/trace v1.38.0 h1:Fxk5bKrDZJUH+AMyyIXGcFAPah0oRcT+LuNtJrmcNLE=
+go.opentelemetry.io/otel/trace v1.38.0/go.mod h1:j1P9ivuFsTceSWe1oY+EeW3sc+Pp42sO++GHkg4wwhs=
 golang.org/x/net v0.49.0 h1:eeHFmOGUTtaaPSGNmjBKpbng9MulQsJURQUAfUwY++o=
 golang.org/x/net v0.49.0/go.mod h1:/ysNB2EvaqvesRkuLAyjI1ycPZlQHM3q01F02UY/MV8=
 golang.org/x/sync v0.20.0 h1:e0PTpb7pjO8GAtTs2dQ6jYa5BWYlMuX047Dco/pItO4=
@@ -83,8 +81,8 @@ google.golang.org/genproto/googleapis/api v0.0.0-20260311181403-84a4fc48630c h1:
 google.golang.org/genproto/googleapis/api v0.0.0-20260311181403-84a4fc48630c/go.mod h1:X2gu9Qwng7Nn009s/r3RUxqkzQNqOrAy79bluY7ojIg=
 google.golang.org/genproto/googleapis/rpc v0.0.0-20260311181403-84a4fc48630c h1:xgCzyF2LFIO/0X2UAoVRiXKU5Xg6VjToG4i2/ecSswk=
 google.golang.org/genproto/googleapis/rpc v0.0.0-20260311181403-84a4fc48630c/go.mod h1:4Hqkh8ycfw05ld/3BWL7rJOSfebL2Q+DVDeRgYgxUU8=
-google.golang.org/grpc v1.79.3 h1:sybAEdRIEtvcD68Gx7dmnwjZKlyfuc61Dyo9pGXXkKE=
-google.golang.org/grpc v1.79.3/go.mod h1:KmT0Kjez+0dde/v2j9vzwoAScgEPx/Bw1CYChhHLrHQ=
+google.golang.org/grpc v1.78.0 h1:K1XZG/yGDJnzMdd/uZHAkVqJE+xIDOcmdSFZkBUicNc=
+google.golang.org/grpc v1.78.0/go.mod h1:I47qjTo4OKbMkjA/aOOwxDIiPSBofUtQUI5EfpWvW7U=
 google.golang.org/protobuf v1.36.11 h1:fV6ZwhNocDyBLK0dj+fg8ektcVegBBuEolpbTQyBNVE=
 google.golang.org/protobuf v1.36.11/go.mod h1:HTf+CrKn2C3g5S8VImy6tdcUvCska2kB7j23XfzDpco=
 gopkg.in/check.v1 v0.0.0-20161208181325-20d25e280405/go.mod h1:Co6ibVJAznAaIkqp8huTwlJQCZ016jof/cbN4VW5Yz0=
diff --git a/repositories.bzl b/repositories.bzl
index 3c74349d..40e89739 100644
```

Pick A or B. Note semantic concerns for each. Give rationale.

## Phase 2 — Trajectory

The version that was accepted after human review is NOT shown (it may differ from both). Based on your forced choice, classify the version you picked: would it likely be past (simpler than what reviewers accepted), short (improved but not as good), or wrong direction?

## Phase 3 — Blinding

Did you believe either version was AI-generated? Or the final accepted version? Or couldn't tell?

Respond as JSON:
{"forced_choice": "A" or "B", "rationale": "...", "semantic_concerns_A": ... , "semantic_concerns_B": ..., "trajectory": "past" or "short" or "wrong_direction", "blinding": "identified_ai" or "identified_final" or "could_not_tell"'
```json
{
  "forced_choice": "B",
  "rationale": "Version B addresses the core requirements of the PR: it updates the Bazel, Go, and Protobuf dependencies, sets the C++ standard to c++17, adds the .bazelversion file, and fixes the sed syntax. Version A appears to be an artifact (a diff between an AI 'cleanroom' directory and a 'merged' directory) and is missing almost all the requested updates.",
  "semantic_concerns_A": "Version A completely fails to fulfill the PR description. It omits all the required dependency upgrades, .bazelrc changes, and new rule additions. It only contains a sed regex tweak and a repository macro reordering.",
  "semantic_concerns_B": "The sed syntax change from `sed -i ''` to `sed -i` fixes the build on Linux but breaks it on macOS (BSD sed requires an extension argument). A more robust cross-platform fix would be `sed -i.bak` or `perl -pi -e`. Additionally, there are unexplained downgrades of `grpc` and `otel` packages in `go.mod` and `go.sum`.",
  "trajectory": "short",
  "blinding": "identified_ai"
}
```
