[2026-04-18T13:08:34Z] == Resume iterative — go-github-4147 ==
[2026-04-18T13:08:34Z] Rebuilding cleanroom at C_test=27fb4992ab2320e03d3a97bb778713bc1aa66e1d
[2026-04-18T13:08:34Z] Rebuilding merged_dir from single-round diff
[2026-04-18T13:08:34Z] WARNING: no diff or files to apply — merged_dir = cleanroom
[2026-04-18T13:08:34Z] install OK
[2026-04-18T13:08:34Z] [4f] Hunt-code round 1
[2026-04-18T13:08:42Z] [4f] round 1 build=PASS test=PASS
[2026-04-18T13:10:33Z] [4f] round 1: 5 findings
[2026-04-18T13:10:33Z] [4f] Addressing round 1 findings
[2026-04-18T13:13:19Z] [4f] Hunt-code round 2
[2026-04-18T13:13:23Z] [4f] round 2 build=PASS test=PASS
[2026-04-18T13:15:14Z] [4f] round 2: 5 findings
[2026-04-18T13:15:14Z] [4f] Addressing round 2 findings
[2026-04-18T13:15:57Z] [4f] Hunt-code round 3
[2026-04-18T13:16:00Z] [4f] round 3 build=PASS test=PASS
[2026-04-18T13:17:41Z] [4f] round 3: 5 findings
[2026-04-18T13:17:41Z] [4f] Addressing round 3 findings
[2026-04-18T13:18:31Z] [4f] Hunt-code round 4
[2026-04-18T13:18:34Z] [4f] round 4 build=PASS test=PASS
[2026-04-18T13:20:29Z] [4f] round 4: 5 findings
[2026-04-18T13:20:29Z] [4f] Addressing round 4 findings
[2026-04-18T13:21:54Z] [4f] Hunt-code round 5
[2026-04-18T13:21:57Z] [4f] round 5 build=PASS test=PASS
[2026-04-18T13:24:45Z] [4f] round 5: 5 findings
[2026-04-18T13:24:45Z] [4f] Addressing round 5 findings
[2026-04-18T13:25:53Z] [4f] Hunt-code round 6
[2026-04-18T13:25:56Z] [4f] round 6 build=PASS test=PASS
[2026-04-18T13:27:52Z] [4f] round 6: 5 findings
[2026-04-18T13:27:52Z] [4f] Addressing round 6 findings
[2026-04-18T13:29:06Z] [4f] Hunt-code round 7
[2026-04-18T13:29:09Z] [4f] round 7 build=PASS test=PASS
[2026-04-18T13:30:52Z] [4f] round 7: 3 findings
[2026-04-18T13:30:52Z] [4f] Addressing round 7 findings
[2026-04-18T13:31:30Z] [4f] Hunt-code round 8
[2026-04-18T13:31:33Z] [4f] round 8 build=PASS test=PASS
[2026-04-18T13:33:07Z] [4f] round 8: 3 findings
[2026-04-18T13:33:07Z] [4f] Addressing round 8 findings
[2026-04-18T13:34:16Z] [4f] Hunt-code round 9
[2026-04-18T13:34:19Z] [4f] round 9 build=PASS test=PASS
[2026-04-18T13:35:39Z] [4f] round 9: 3 findings
[2026-04-18T13:35:39Z] [4f] Addressing round 9 findings
[2026-04-18T13:37:06Z] [4f] Hunt-code round 10
[2026-04-18T13:37:09Z] [4f] round 10 build=PASS test=PASS
[2026-04-18T13:39:29Z] [4f] round 10: 3 findings
[2026-04-18T13:39:29Z] [4f] Addressing round 10 findings
[2026-04-18T13:40:34Z] [4f] final build=PASS test=PASS
[2026-04-18T13:40:34Z] [4g] Reviewer-loop round 1
[2026-04-18T13:43:53Z] [4g] round 1: 4 comments (prev 999)
[2026-04-18T13:43:53Z] [4g] Addressing round 1 comments
[2026-04-18T13:45:06Z] [4g] Reviewer-loop round 2
[2026-04-18T13:52:45Z] [4g] round 2: 3 comments (prev 4)
[2026-04-18T13:52:45Z] [4g] Addressing round 2 comments
[2026-04-18T13:53:59Z] [4g] Reviewer-loop round 3
[2026-04-18T13:59:56Z] [4g] round 3: approved
[2026-04-18T13:59:56Z] [4g] done after 3 round(s): converged_approved
[2026-04-18T13:59:56Z] [4h] Complexity gate
[2026-04-18T13:59:56Z] [4h] PASS
[2026-04-18T13:59:56Z] == iterative complete (hc=11 rv=3) ==
