[2026-04-18T05:49:16Z] == Resume iterative — gapic-generator-go-1722 ==
[2026-04-18T05:49:16Z] Rebuilding cleanroom at C_test=8bf0e4f3a8c33f35fc6085e2c29a7758deb56230
[2026-04-18T05:49:16Z] Rebuilding merged_dir from single-round diff
[2026-04-18T05:49:16Z] WARNING: no diff or files to apply — merged_dir = cleanroom
[2026-04-18T05:49:16Z] install OK
[2026-04-18T05:49:16Z] [4f] Hunt-code round 1
[2026-04-18T05:49:19Z] [4f] round 1 build=PASS test=PASS
[2026-04-18T05:51:16Z] [4f] round 1: 4 findings
[2026-04-18T05:51:16Z] [4f] Addressing round 1 findings
[2026-04-18T05:53:35Z] [4f] Hunt-code round 2
[2026-04-18T05:53:37Z] [4f] round 2 build=PASS test=PASS
[2026-04-18T05:56:00Z] [4f] round 2: 4 findings
[2026-04-18T05:56:00Z] [4f] Addressing round 2 findings
[2026-04-18T05:57:27Z] [4f] Hunt-code round 3
[2026-04-18T05:57:29Z] [4f] round 3 build=PASS test=PASS
[2026-04-18T05:59:19Z] [4f] round 3: 4 findings
[2026-04-18T05:59:19Z] [4f] Addressing round 3 findings
[2026-04-18T06:00:04Z] [4f] Hunt-code round 4
[2026-04-18T06:00:05Z] [4f] round 4 build=PASS test=PASS
[2026-04-18T06:02:28Z] [4f] round 4: 4 findings
[2026-04-18T06:02:28Z] [4f] Addressing round 4 findings
[2026-04-18T06:03:56Z] [4f] Hunt-code round 5
[2026-04-18T06:03:58Z] [4f] round 5 build=PASS test=PASS
[2026-04-18T06:07:00Z] [4f] round 5: 4 findings
[2026-04-18T06:07:00Z] [4f] Addressing round 5 findings
[2026-04-18T06:07:56Z] [4f] Hunt-code round 6
[2026-04-18T06:07:58Z] [4f] round 6 build=PASS test=PASS
[2026-04-18T06:10:09Z] [4f] round 6: 4 findings
[2026-04-18T06:10:09Z] [4f] Addressing round 6 findings
[2026-04-18T06:10:52Z] [4f] Hunt-code round 7
[2026-04-18T06:10:55Z] [4f] round 7 build=PASS test=PASS
[2026-04-18T06:13:44Z] [4f] round 7: zero findings — converged
[2026-04-18T06:13:45Z] [4f] final build=PASS test=PASS
[2026-04-18T06:13:45Z] [4g] Reviewer-loop round 1
[2026-04-18T06:17:47Z] [4g] round 1: approved
[2026-04-18T06:17:47Z] [4g] done after 1 round(s): converged_approved
[2026-04-18T06:17:47Z] [4h] Complexity gate
[2026-04-18T06:17:47Z] [4h] PASS
[2026-04-18T06:17:47Z] == iterative complete (hc=7 rv=1) ==
