[2026-04-18T02:55:32Z] == Resume iterative — adk-go-715 ==
[2026-04-18T02:55:32Z] Rebuilding cleanroom at C_test=05da0a851a02b8e7a3520a35e990945236ef1f47
[2026-04-18T02:55:32Z] Rebuilding merged_dir from single-round diff
[2026-04-18T02:55:32Z] install OK
[2026-04-18T02:55:32Z] [4f] Hunt-code round 1
[2026-04-18T02:56:15Z] [4f] round 1 build=PASS test=PASS
[2026-04-18T02:59:14Z] [4f] round 1: 4 findings
[2026-04-18T02:59:14Z] [4f] Addressing round 1 findings
[2026-04-18T02:59:51Z] [4f] Hunt-code round 2
[2026-04-18T03:00:32Z] [4f] round 2 build=PASS test=PASS
[2026-04-18T03:12:26Z] [4f] round 2: 5 findings
[2026-04-18T03:12:26Z] [4f] Addressing round 2 findings
[2026-04-18T03:14:32Z] [4f] Hunt-code round 3
[2026-04-18T03:15:15Z] [4f] round 3 build=PASS test=PASS
[2026-04-18T03:27:35Z] [4f] round 3: 2 findings
[2026-04-18T03:27:35Z] [4f] Addressing round 3 findings
[2026-04-18T03:43:00Z] [4f] Hunt-code round 4
[2026-04-18T03:43:44Z] [4f] round 4 build=PASS test=PASS
[2026-04-18T03:46:14Z] [4f] round 4: 2 findings
[2026-04-18T03:46:14Z] [4f] Addressing round 4 findings
[2026-04-18T03:47:14Z] [4f] Hunt-code round 5
[2026-04-18T03:47:55Z] [4f] round 5 build=PASS test=PASS
[2026-04-18T03:53:03Z] [4f] round 5: 2 findings
[2026-04-18T03:53:03Z] [4f] Addressing round 5 findings
[2026-04-18T03:53:50Z] [4f] Hunt-code round 6
[2026-04-18T03:54:34Z] [4f] round 6 build=PASS test=PASS
[2026-04-18T03:57:48Z] [4f] round 6: 3 findings
[2026-04-18T03:57:48Z] [4f] Addressing round 6 findings
[2026-04-18T03:58:32Z] [4f] Hunt-code round 7
[2026-04-18T03:59:12Z] [4f] round 7 build=PASS test=PASS
[2026-04-18T04:01:12Z] [4f] round 7: 2 findings
[2026-04-18T04:01:12Z] [4f] Addressing round 7 findings
[2026-04-18T04:01:59Z] [4f] Hunt-code round 8
[2026-04-18T04:02:43Z] [4f] round 8 build=PASS test=PASS
[2026-04-18T04:07:42Z] [4f] round 8: 2 findings
[2026-04-18T04:07:42Z] [4f] Addressing round 8 findings
[2026-04-18T04:08:28Z] [4f] Hunt-code round 9
[2026-04-18T04:09:12Z] [4f] round 9 build=PASS test=PASS
[2026-04-18T04:11:22Z] [4f] round 9: 2 findings
[2026-04-18T04:11:22Z] [4f] Addressing round 9 findings
[2026-04-18T04:12:03Z] [4f] Hunt-code round 10
[2026-04-18T04:12:43Z] [4f] round 10 build=PASS test=PASS
[2026-04-18T04:15:07Z] [4f] round 10: 2 findings
[2026-04-18T04:15:07Z] [4f] Addressing round 10 findings
[2026-04-18T04:16:27Z] [4f] final build=PASS test=PASS
[2026-04-18T04:16:27Z] [4g] Reviewer-loop round 1
[2026-04-18T04:22:43Z] [4g] round 1: 2 comments (prev 999)
[2026-04-18T04:22:43Z] [4g] Addressing round 1 comments
[2026-04-18T04:25:18Z] [4g] Reviewer-loop round 2
[2026-04-18T04:29:54Z] [4g] round 2: 5 comments (prev 2)
[2026-04-18T04:29:54Z] [4g] Not shrinking — impasse
[2026-04-18T04:29:54Z] [4g] done after 2 round(s): impasse
[2026-04-18T04:29:54Z] [4h] Complexity gate
[2026-04-18T04:29:54Z] [4h] PASS
[2026-04-18T04:29:54Z] == iterative complete (hc=11 rv=2) ==
